
> uni-planner@1.0.0 start:api /app
> npm run build:api && node packages/api/dist/bundle.js

npm warn Unknown env config "verify-deps-before-run". This will stop working in the next major version of npm.
npm warn Unknown env config "_jsr-registry". This will stop working in the next major version of npm.

> uni-planner@1.0.0 build:api
> node build.js

node:internal/modules/cjs/loader:1404
  throw err;
  ^

Error: Cannot find module 'express'
Require stack:
- /app/packages/api/dist/bundle.js
    at Function._resolveFilename (node:internal/modules/cjs/loader:1401:15)
    at defaultResolveImpl (node:internal/modules/cjs/loader:1057:19)
    at resolveForCJSWithHooks (node:internal/modules/cjs/loader:1062:22)
    at Function._load (node:internal/modules/cjs/loader:1211:37)
    at TracingChannel.traceSync (node:diagnostics_channel:322:14)
    at wrapModuleLoad (node:internal/modules/cjs/loader:235:24)
    at Module.require (node:internal/modules/cjs/loader:1487:12)
    at require (node:internal/modules/helpers:135:16)
    at Object.<anonymous> (/app/packages/api/dist/bundle.js:2:15)
    at Module._compile (node:internal/modules/cjs/loader:1730:14) {
  code: 'MODULE_NOT_FOUND',
  requireStack: [ '/app/packages/api/dist/bundle.js' ]
}

Node.js v22.17.1
 ELIFECYCLE  Command failed with exit code 1.
